* using log directory ‘/Users/janecarlen/Documents/sbm/sbm.Rcheck’
* using R version 3.5.1 (2018-07-02)
* using platform: x86_64-apple-darwin15.6.0 (64-bit)
* using session charset: UTF-8
* checking for file ‘sbm/DESCRIPTION’ ... OK
* checking extension type ... Package
* this is package ‘sbm’ version ‘1.0’
* checking package namespace information ... OK
* checking package dependencies ... OK
* checking if this is a source package ... WARNING
Subdirectory ‘sbm/src’ contains apparent object files/libraries
  RcppExports.o sbm.so sbmFit.o sbmtFit.o
Object files/libraries should not be included in a source package.
* checking if there is a namespace ... OK
* checking for executable files ... OK
* checking for hidden files and directories ... NOTE
Found the following hidden files and directories:
  .DS_Store
  man/.Rapp.history
These were most likely included in error. See section ‘Package
structure’ in the ‘Writing R Extensions’ manual.
* checking for portable file names ... OK
* checking for sufficient/correct file permissions ... OK
* checking whether package ‘sbm’ can be installed ... OK
* checking installed package size ... OK
* checking package directory ... OK
* checking DESCRIPTION meta-information ... NOTE
Checking should be performed on sources prepared by ‘R CMD build’.
* checking top-level files ... OK
* checking for left-over files ... OK
* checking index information ... OK
* checking package subdirectories ... OK
* checking R files for non-ASCII characters ... OK
* checking R files for syntax errors ... OK
* checking whether the package can be loaded ... OK
* checking whether the package can be loaded with stated dependencies ... OK
* checking whether the package can be unloaded cleanly ... OK
* checking whether the namespace can be loaded with stated dependencies ... OK
* checking whether the namespace can be unloaded cleanly ... OK
* checking dependencies in R code ... OK
* checking S3 generic/method consistency ... OK
* checking replacement functions ... OK
* checking foreign function calls ... OK
* checking R code for possible problems ... OK
* checking Rd files ... OK
* checking Rd metadata ... OK
* checking Rd cross-references ... OK
* checking for missing documentation entries ... WARNING
Undocumented code objects:
  ‘sbmFit’ ‘sbmt’ ‘sbmtFit’
Undocumented data sets:
  ‘zach’ ‘zach_weighted’
All user-level objects in a package should have documentation entries.
See chapter ‘Writing R documentation files’ in the ‘Writing R
Extensions’ manual.
* checking for code/documentation mismatches ... OK
* checking Rd \usage sections ... OK
* checking Rd contents ... OK
* checking for unstated dependencies in examples ... OK
* checking contents of ‘data’ directory ... OK
* checking data for non-ASCII characters ... OK
* checking data for ASCII and uncompressed saves ... OK
* checking line endings in C/C++/Fortran sources/headers ... WARNING
Found the following sources/headers with CR or CRLF line endings:
  src/sbmFit.cpp
Some Unix compilers require LF line endings.
* checking compiled code ... OK
* checking examples ... OK
* checking for unstated dependencies in ‘tests’ ... OK
* checking tests ... OK
  Running ‘testthat.R’
* checking PDF version of manual ... OK
* DONE
Status: 3 WARNINGs, 2 NOTEs
